{"/Users/christophermelville/Development/Moaiii/musicmapper/app/reducers.js": {"path":"/Users/christophermelville/Development/Moaiii/musicmapper/app/reducers.js","statementMap":{"0":{"start":{"line":10,"column":15},"end":{"line":15,"column":2}}},"fnMap":{},"branchMap":{},"s":{"0":1},"f":{},"b":{},"_coverageSchema":"332fd63041d2c1bcb487cc26dd0d5f7d97098a6c","hash":"96f1976726c205618910942b899fcf4f6e8442c7"}
,"/Users/christophermelville/Development/Moaiii/musicmapper/app/store.js": {"path":"/Users/christophermelville/Development/Moaiii/musicmapper/app/store.js","statementMap":{"0":{"start":{"line":5,"column":12},"end":{"line":8,"column":1}}},"fnMap":{},"branchMap":{},"s":{"0":1},"f":{},"b":{},"_coverageSchema":"332fd63041d2c1bcb487cc26dd0d5f7d97098a6c","hash":"bf01a3e6da11c1ffef48407fce1817e01930b0f6"}
,"/Users/christophermelville/Development/Moaiii/musicmapper/app/types.js": {"path":"/Users/christophermelville/Development/Moaiii/musicmapper/app/types.js","statementMap":{"0":{"start":{"line":5,"column":35},"end":{"line":5,"column":56}},"1":{"start":{"line":6,"column":34},"end":{"line":6,"column":54}},"2":{"start":{"line":13,"column":39},"end":{"line":13,"column":64}},"3":{"start":{"line":14,"column":41},"end":{"line":14,"column":68}},"4":{"start":{"line":15,"column":38},"end":{"line":15,"column":62}},"5":{"start":{"line":16,"column":38},"end":{"line":16,"column":62}},"6":{"start":{"line":17,"column":41},"end":{"line":17,"column":68}},"7":{"start":{"line":18,"column":45},"end":{"line":18,"column":76}},"8":{"start":{"line":25,"column":44},"end":{"line":25,"column":74}},"9":{"start":{"line":26,"column":40},"end":{"line":26,"column":66}},"10":{"start":{"line":27,"column":47},"end":{"line":27,"column":80}},"11":{"start":{"line":34,"column":34},"end":{"line":34,"column":54}},"12":{"start":{"line":35,"column":37},"end":{"line":35,"column":60}},"13":{"start":{"line":36,"column":50},"end":{"line":36,"column":86}},"14":{"start":{"line":37,"column":50},"end":{"line":37,"column":86}},"15":{"start":{"line":38,"column":47},"end":{"line":38,"column":80}},"16":{"start":{"line":39,"column":41},"end":{"line":39,"column":68}},"17":{"start":{"line":40,"column":45},"end":{"line":40,"column":76}},"18":{"start":{"line":41,"column":44},"end":{"line":41,"column":74}}},"fnMap":{},"branchMap":{},"s":{"0":3,"1":3,"2":3,"3":3,"4":3,"5":3,"6":3,"7":3,"8":3,"9":3,"10":3,"11":3,"12":3,"13":3,"14":3,"15":3,"16":3,"17":3,"18":3},"f":{},"b":{},"_coverageSchema":"332fd63041d2c1bcb487cc26dd0d5f7d97098a6c","hash":"0e8f6c95cceb1b2bb6851f4329fc22dafb9cb910"}
,"/Users/christophermelville/Development/Moaiii/musicmapper/app/data/chords.js": {"path":"/Users/christophermelville/Development/Moaiii/musicmapper/app/data/chords.js","statementMap":{"0":{"start":{"line":1,"column":18},"end":{"line":2222,"column":1}}},"fnMap":{},"branchMap":{},"s":{"0":3},"f":{},"b":{},"_coverageSchema":"332fd63041d2c1bcb487cc26dd0d5f7d97098a6c","hash":"6c7b49a9af816d8b95da5adcfb52bcad181d12bc"}
,"/Users/christophermelville/Development/Moaiii/musicmapper/app/data/modal-text.js": {"path":"/Users/christophermelville/Development/Moaiii/musicmapper/app/data/modal-text.js","statementMap":{"0":{"start":{"line":1,"column":33},"end":{"line":7,"column":1}},"1":{"start":{"line":9,"column":32},"end":{"line":15,"column":1}},"2":{"start":{"line":17,"column":28},"end":{"line":23,"column":1}},"3":{"start":{"line":25,"column":39},"end":{"line":31,"column":1}},"4":{"start":{"line":33,"column":36},"end":{"line":39,"column":1}}},"fnMap":{},"branchMap":{},"s":{"0":1,"1":1,"2":1,"3":1,"4":1},"f":{},"b":{},"_coverageSchema":"332fd63041d2c1bcb487cc26dd0d5f7d97098a6c","hash":"d7706cdb83358582b84550f9722baa19f7a866e9"}
,"/Users/christophermelville/Development/Moaiii/musicmapper/app/data/scales.js": {"path":"/Users/christophermelville/Development/Moaiii/musicmapper/app/data/scales.js","statementMap":{"0":{"start":{"line":1,"column":18},"end":{"line":2162,"column":1}}},"fnMap":{},"branchMap":{},"s":{"0":3},"f":{},"b":{},"_coverageSchema":"332fd63041d2c1bcb487cc26dd0d5f7d97098a6c","hash":"a1415894f4f82631c4550462ec909987b83f2368"}
,"/Users/christophermelville/Development/Moaiii/musicmapper/app/data/tunings.js": {"path":"/Users/christophermelville/Development/Moaiii/musicmapper/app/data/tunings.js","statementMap":{"0":{"start":{"line":1,"column":14},"end":{"line":190,"column":1}}},"fnMap":{},"branchMap":{},"s":{"0":1},"f":{},"b":{},"_coverageSchema":"332fd63041d2c1bcb487cc26dd0d5f7d97098a6c","hash":"d0c41f3ad88bdb091893adaca8d44c44a1e5089d"}
,"/Users/christophermelville/Development/Moaiii/musicmapper/app/src/chordbank/actions.js": {"path":"/Users/christophermelville/Development/Moaiii/musicmapper/app/src/chordbank/actions.js","statementMap":{"0":{"start":{"line":4,"column":2},"end":{"line":7,"column":3}},"1":{"start":{"line":11,"column":2},"end":{"line":14,"column":3}},"2":{"start":{"line":18,"column":2},"end":{"line":21,"column":3}},"3":{"start":{"line":25,"column":2},"end":{"line":28,"column":3}},"4":{"start":{"line":32,"column":2},"end":{"line":35,"column":3}},"5":{"start":{"line":39,"column":2},"end":{"line":42,"column":3}},"6":{"start":{"line":46,"column":4},"end":{"line":49,"column":5}},"7":{"start":{"line":53,"column":2},"end":{"line":59,"column":3}}},"fnMap":{"0":{"name":"addNote","decl":{"start":{"line":3,"column":16},"end":{"line":3,"column":23}},"loc":{"start":{"line":3,"column":30},"end":{"line":8,"column":1}},"line":3},"1":{"name":"deleteNote","decl":{"start":{"line":10,"column":16},"end":{"line":10,"column":26}},"loc":{"start":{"line":10,"column":33},"end":{"line":15,"column":1}},"line":10},"2":{"name":"populateChordPossibilities","decl":{"start":{"line":17,"column":16},"end":{"line":17,"column":42}},"loc":{"start":{"line":17,"column":45},"end":{"line":22,"column":1}},"line":17},"3":{"name":"populateAllScales","decl":{"start":{"line":24,"column":16},"end":{"line":24,"column":33}},"loc":{"start":{"line":24,"column":36},"end":{"line":29,"column":1}},"line":24},"4":{"name":"toggleExactMatching","decl":{"start":{"line":31,"column":16},"end":{"line":31,"column":35}},"loc":{"start":{"line":31,"column":50},"end":{"line":36,"column":1}},"line":31},"5":{"name":"clearAllNotes","decl":{"start":{"line":38,"column":16},"end":{"line":38,"column":29}},"loc":{"start":{"line":38,"column":32},"end":{"line":43,"column":1}},"line":38},"6":{"name":"setSelectedChordName","decl":{"start":{"line":45,"column":16},"end":{"line":45,"column":36}},"loc":{"start":{"line":45,"column":43},"end":{"line":50,"column":1}},"line":45},"7":{"name":"setSelectedScale","decl":{"start":{"line":52,"column":16},"end":{"line":52,"column":32}},"loc":{"start":{"line":52,"column":46},"end":{"line":60,"column":1}},"line":52}},"branchMap":{},"s":{"0":0,"1":0,"2":0,"3":0,"4":0,"5":0,"6":0,"7":0},"f":{"0":0,"1":0,"2":0,"3":0,"4":0,"5":0,"6":0,"7":0},"b":{},"_coverageSchema":"332fd63041d2c1bcb487cc26dd0d5f7d97098a6c","hash":"ad975f94fc72a1ad55a1bfb48d4b2cc62d9171e5"}
,"/Users/christophermelville/Development/Moaiii/musicmapper/app/src/chordbank/api.js": {"path":"/Users/christophermelville/Development/Moaiii/musicmapper/app/src/chordbank/api.js","statementMap":{"0":{"start":{"line":1,"column":30},"end":{"line":1,"column":103}},"1":{"start":{"line":7,"column":2},"end":{"line":21,"column":5}},"2":{"start":{"line":8,"column":4},"end":{"line":20,"column":7}},"3":{"start":{"line":14,"column":6},"end":{"line":14,"column":28}},"4":{"start":{"line":15,"column":6},"end":{"line":15,"column":24}},"5":{"start":{"line":18,"column":6},"end":{"line":18,"column":25}},"6":{"start":{"line":19,"column":6},"end":{"line":19,"column":20}}},"fnMap":{"0":{"name":"generateMidi","decl":{"start":{"line":6,"column":16},"end":{"line":6,"column":28}},"loc":{"start":{"line":6,"column":53},"end":{"line":22,"column":1}},"line":6},"1":{"name":"(anonymous_1)","decl":{"start":{"line":7,"column":21},"end":{"line":7,"column":22}},"loc":{"start":{"line":7,"column":42},"end":{"line":21,"column":3}},"line":7},"2":{"name":"(anonymous_2)","decl":{"start":{"line":13,"column":12},"end":{"line":13,"column":13}},"loc":{"start":{"line":13,"column":24},"end":{"line":17,"column":5}},"line":13},"3":{"name":"(anonymous_3)","decl":{"start":{"line":17,"column":13},"end":{"line":17,"column":14}},"loc":{"start":{"line":17,"column":22},"end":{"line":20,"column":5}},"line":17}},"branchMap":{},"s":{"0":1,"1":0,"2":0,"3":0,"4":0,"5":0,"6":0},"f":{"0":0,"1":0,"2":0,"3":0},"b":{},"_coverageSchema":"332fd63041d2c1bcb487cc26dd0d5f7d97098a6c","hash":"b5bbff957ce3241bd836641fdd191dd31e0ad2b1"}
,"/Users/christophermelville/Development/Moaiii/musicmapper/app/src/chordbank/reducer.js": {"path":"/Users/christophermelville/Development/Moaiii/musicmapper/app/src/chordbank/reducer.js","statementMap":{"0":{"start":{"line":4,"column":8},"end":{"line":4,"column":25}},"1":{"start":{"line":6,"column":20},"end":{"line":19,"column":1}},"2":{"start":{"line":21,"column":25},"end":{"line":148,"column":1}},"3":{"start":{"line":22,"column":2},"end":{"line":147,"column":3}},"4":{"start":{"line":27,"column":16},"end":{"line":27,"column":49}},"5":{"start":{"line":28,"column":6},"end":{"line":28,"column":31}},"6":{"start":{"line":30,"column":6},"end":{"line":40,"column":7}},"7":{"start":{"line":31,"column":8},"end":{"line":34,"column":11}},"8":{"start":{"line":37,"column":8},"end":{"line":39,"column":11}},"9":{"start":{"line":42,"column":6},"end":{"line":42,"column":12}},"10":{"start":{"line":48,"column":18},"end":{"line":48,"column":91}},"11":{"start":{"line":48,"column":67},"end":{"line":48,"column":90}},"12":{"start":{"line":50,"column":6},"end":{"line":64,"column":7}},"13":{"start":{"line":51,"column":8},"end":{"line":54,"column":11}},"14":{"start":{"line":52,"column":62},"end":{"line":52,"column":85}},"15":{"start":{"line":53,"column":56},"end":{"line":53,"column":79}},"16":{"start":{"line":57,"column":20},"end":{"line":57,"column":64}},"17":{"start":{"line":58,"column":21},"end":{"line":58,"column":48}},"18":{"start":{"line":60,"column":22},"end":{"line":60,"column":68}},"19":{"start":{"line":61,"column":8},"end":{"line":63,"column":11}},"20":{"start":{"line":66,"column":6},"end":{"line":66,"column":12}},"21":{"start":{"line":71,"column":6},"end":{"line":82,"column":7}},"22":{"start":{"line":73,"column":28},"end":{"line":73,"column":66}},"23":{"start":{"line":75,"column":8},"end":{"line":78,"column":11}},"24":{"start":{"line":81,"column":8},"end":{"line":81,"column":21}},"25":{"start":{"line":84,"column":6},"end":{"line":84,"column":12}},"26":{"start":{"line":89,"column":6},"end":{"line":99,"column":7}},"27":{"start":{"line":90,"column":28},"end":{"line":90,"column":68}},"28":{"start":{"line":92,"column":8},"end":{"line":95,"column":11}},"29":{"start":{"line":98,"column":8},"end":{"line":98,"column":21}},"30":{"start":{"line":101,"column":6},"end":{"line":101,"column":12}},"31":{"start":{"line":106,"column":6},"end":{"line":108,"column":9}},"32":{"start":{"line":109,"column":6},"end":{"line":109,"column":12}},"33":{"start":{"line":114,"column":6},"end":{"line":124,"column":8}},"34":{"start":{"line":125,"column":6},"end":{"line":125,"column":12}},"35":{"start":{"line":130,"column":26},"end":{"line":130,"column":61}},"36":{"start":{"line":132,"column":6},"end":{"line":134,"column":9}},"37":{"start":{"line":138,"column":6},"end":{"line":143,"column":9}},"38":{"start":{"line":146,"column":6},"end":{"line":146,"column":19}}},"fnMap":{"0":{"name":"(anonymous_0)","decl":{"start":{"line":21,"column":25},"end":{"line":21,"column":26}},"loc":{"start":{"line":21,"column":58},"end":{"line":148,"column":1}},"line":21},"1":{"name":"(anonymous_1)","decl":{"start":{"line":48,"column":59},"end":{"line":48,"column":60}},"loc":{"start":{"line":48,"column":67},"end":{"line":48,"column":90}},"line":48},"2":{"name":"(anonymous_2)","decl":{"start":{"line":52,"column":54},"end":{"line":52,"column":55}},"loc":{"start":{"line":52,"column":62},"end":{"line":52,"column":85}},"line":52},"3":{"name":"(anonymous_3)","decl":{"start":{"line":53,"column":48},"end":{"line":53,"column":49}},"loc":{"start":{"line":53,"column":56},"end":{"line":53,"column":79}},"line":53}},"branchMap":{"0":{"loc":{"start":{"line":21,"column":26},"end":{"line":21,"column":45}},"type":"default-arg","locations":[{"start":{"line":21,"column":34},"end":{"line":21,"column":45}}],"line":21},"1":{"loc":{"start":{"line":22,"column":2},"end":{"line":147,"column":3}},"type":"switch","locations":[{"start":{"line":25,"column":4},"end":{"line":42,"column":12}},{"start":{"line":46,"column":4},"end":{"line":66,"column":12}},{"start":{"line":70,"column":4},"end":{"line":84,"column":12}},{"start":{"line":88,"column":4},"end":{"line":101,"column":12}},{"start":{"line":105,"column":4},"end":{"line":109,"column":12}},{"start":{"line":113,"column":4},"end":{"line":125,"column":12}},{"start":{"line":128,"column":4},"end":{"line":134,"column":9}},{"start":{"line":137,"column":4},"end":{"line":143,"column":9}},{"start":{"line":145,"column":4},"end":{"line":146,"column":19}}],"line":22},"2":{"loc":{"start":{"line":30,"column":6},"end":{"line":40,"column":7}},"type":"if","locations":[{"start":{"line":30,"column":6},"end":{"line":40,"column":7}},{"start":{"line":30,"column":6},"end":{"line":40,"column":7}}],"line":30},"3":{"loc":{"start":{"line":50,"column":6},"end":{"line":64,"column":7}},"type":"if","locations":[{"start":{"line":50,"column":6},"end":{"line":64,"column":7}},{"start":{"line":50,"column":6},"end":{"line":64,"column":7}}],"line":50},"4":{"loc":{"start":{"line":71,"column":6},"end":{"line":82,"column":7}},"type":"if","locations":[{"start":{"line":71,"column":6},"end":{"line":82,"column":7}},{"start":{"line":71,"column":6},"end":{"line":82,"column":7}}],"line":71},"5":{"loc":{"start":{"line":89,"column":6},"end":{"line":99,"column":7}},"type":"if","locations":[{"start":{"line":89,"column":6},"end":{"line":99,"column":7}},{"start":{"line":89,"column":6},"end":{"line":99,"column":7}}],"line":89}},"s":{"0":2,"1":2,"2":2,"3":8,"4":2,"5":2,"6":2,"7":0,"8":2,"9":0,"10":3,"11":10,"12":3,"13":2,"14":6,"15":6,"16":1,"17":1,"18":1,"19":1,"20":0,"21":0,"22":0,"23":0,"24":0,"25":0,"26":0,"27":0,"28":0,"29":0,"30":0,"31":0,"32":0,"33":0,"34":0,"35":0,"36":0,"37":0,"38":3},"f":{"0":8,"1":10,"2":6,"3":6},"b":{"0":[3],"1":[2,3,0,0,0,0,0,0,3],"2":[0,2],"3":[2,1],"4":[0,0],"5":[0,0]},"_coverageSchema":"332fd63041d2c1bcb487cc26dd0d5f7d97098a6c","hash":"36a501341df0e18a2137479970f0e9f3812b3519"}
,"/Users/christophermelville/Development/Moaiii/musicmapper/app/src/chordbank/components/chord-bank.js": {"path":"/Users/christophermelville/Development/Moaiii/musicmapper/app/src/chordbank/components/chord-bank.js","statementMap":{"0":{"start":{"line":21,"column":4},"end":{"line":21,"column":12}},"1":{"start":{"line":23,"column":4},"end":{"line":27,"column":6}},"2":{"start":{"line":31,"column":4},"end":{"line":31,"column":44}},"3":{"start":{"line":35,"column":4},"end":{"line":35,"column":45}},"4":{"start":{"line":39,"column":4},"end":{"line":39,"column":38}},"5":{"start":{"line":43,"column":4},"end":{"line":43,"column":39}},"6":{"start":{"line":48,"column":4},"end":{"line":48,"column":36}},"7":{"start":{"line":49,"column":4},"end":{"line":49,"column":37}},"8":{"start":{"line":50,"column":4},"end":{"line":50,"column":40}},"9":{"start":{"line":59,"column":4},"end":{"line":59,"column":28}},"10":{"start":{"line":61,"column":20},"end":{"line":61,"column":65}},"11":{"start":{"line":63,"column":4},"end":{"line":80,"column":5}},"12":{"start":{"line":65,"column":24},"end":{"line":65,"column":59}},"13":{"start":{"line":66,"column":24},"end":{"line":66,"column":73}},"14":{"start":{"line":68,"column":6},"end":{"line":68,"column":60}},"15":{"start":{"line":70,"column":11},"end":{"line":80,"column":5}},"16":{"start":{"line":72,"column":23},"end":{"line":72,"column":47}},"17":{"start":{"line":73,"column":24},"end":{"line":74,"column":74}},"18":{"start":{"line":76,"column":6},"end":{"line":76,"column":59}},"19":{"start":{"line":79,"column":6},"end":{"line":79,"column":65}},"20":{"start":{"line":91,"column":4},"end":{"line":110,"column":7}},"21":{"start":{"line":93,"column":6},"end":{"line":93,"column":30}},"22":{"start":{"line":95,"column":25},"end":{"line":95,"column":72}},"23":{"start":{"line":97,"column":6},"end":{"line":104,"column":7}},"24":{"start":{"line":98,"column":8},"end":{"line":103,"column":11}},"25":{"start":{"line":102,"column":10},"end":{"line":102,"column":47}},"26":{"start":{"line":107,"column":6},"end":{"line":107,"column":30}},"27":{"start":{"line":108,"column":6},"end":{"line":108,"column":24}},"28":{"start":{"line":109,"column":6},"end":{"line":109,"column":50}},"29":{"start":{"line":116,"column":6},"end":{"line":120,"column":57}},"30":{"start":{"line":123,"column":8},"end":{"line":127,"column":53}},"31":{"start":{"line":130,"column":4},"end":{"line":187,"column":5}},"32":{"start":{"line":140,"column":14},"end":{"line":142,"column":18}},"33":{"start":{"line":163,"column":14},"end":{"line":165,"column":18}},"34":{"start":{"line":191,"column":24},"end":{"line":199,"column":1}},"35":{"start":{"line":192,"column":2},"end":{"line":198,"column":4}}},"fnMap":{"0":{"name":"(anonymous_0)","decl":{"start":{"line":20,"column":2},"end":{"line":20,"column":3}},"loc":{"start":{"line":20,"column":16},"end":{"line":28,"column":3}},"line":20},"1":{"name":"(anonymous_1)","decl":{"start":{"line":30,"column":2},"end":{"line":30,"column":3}},"loc":{"start":{"line":30,"column":21},"end":{"line":32,"column":3}},"line":30},"2":{"name":"(anonymous_2)","decl":{"start":{"line":34,"column":2},"end":{"line":34,"column":3}},"loc":{"start":{"line":34,"column":21},"end":{"line":36,"column":3}},"line":34},"3":{"name":"(anonymous_3)","decl":{"start":{"line":38,"column":2},"end":{"line":38,"column":3}},"loc":{"start":{"line":38,"column":15},"end":{"line":40,"column":3}},"line":38},"4":{"name":"(anonymous_4)","decl":{"start":{"line":42,"column":2},"end":{"line":42,"column":3}},"loc":{"start":{"line":42,"column":15},"end":{"line":44,"column":3}},"line":42},"5":{"name":"(anonymous_5)","decl":{"start":{"line":47,"column":2},"end":{"line":47,"column":3}},"loc":{"start":{"line":47,"column":16},"end":{"line":51,"column":3}},"line":47},"6":{"name":"(anonymous_6)","decl":{"start":{"line":58,"column":2},"end":{"line":58,"column":3}},"loc":{"start":{"line":58,"column":19},"end":{"line":81,"column":3}},"line":58},"7":{"name":"(anonymous_7)","decl":{"start":{"line":90,"column":2},"end":{"line":90,"column":3}},"loc":{"start":{"line":90,"column":38},"end":{"line":111,"column":3}},"line":90},"8":{"name":"(anonymous_8)","decl":{"start":{"line":92,"column":10},"end":{"line":92,"column":11}},"loc":{"start":{"line":92,"column":24},"end":{"line":105,"column":5}},"line":92},"9":{"name":"(anonymous_9)","decl":{"start":{"line":101,"column":11},"end":{"line":101,"column":12}},"loc":{"start":{"line":101,"column":17},"end":{"line":103,"column":9}},"line":101},"10":{"name":"(anonymous_10)","decl":{"start":{"line":106,"column":11},"end":{"line":106,"column":12}},"loc":{"start":{"line":106,"column":22},"end":{"line":110,"column":5}},"line":106},"11":{"name":"(anonymous_11)","decl":{"start":{"line":114,"column":2},"end":{"line":114,"column":3}},"loc":{"start":{"line":114,"column":11},"end":{"line":188,"column":3}},"line":114},"12":{"name":"(anonymous_12)","decl":{"start":{"line":139,"column":34},"end":{"line":139,"column":35}},"loc":{"start":{"line":140,"column":14},"end":{"line":142,"column":18}},"line":140},"13":{"name":"(anonymous_13)","decl":{"start":{"line":162,"column":44},"end":{"line":162,"column":45}},"loc":{"start":{"line":163,"column":14},"end":{"line":165,"column":18}},"line":163},"14":{"name":"(anonymous_14)","decl":{"start":{"line":191,"column":24},"end":{"line":191,"column":25}},"loc":{"start":{"line":191,"column":35},"end":{"line":199,"column":1}},"line":191}},"branchMap":{"0":{"loc":{"start":{"line":63,"column":4},"end":{"line":80,"column":5}},"type":"if","locations":[{"start":{"line":63,"column":4},"end":{"line":80,"column":5}},{"start":{"line":63,"column":4},"end":{"line":80,"column":5}}],"line":63},"1":{"loc":{"start":{"line":70,"column":11},"end":{"line":80,"column":5}},"type":"if","locations":[{"start":{"line":70,"column":11},"end":{"line":80,"column":5}},{"start":{"line":70,"column":11},"end":{"line":80,"column":5}}],"line":70},"2":{"loc":{"start":{"line":97,"column":6},"end":{"line":104,"column":7}},"type":"if","locations":[{"start":{"line":97,"column":6},"end":{"line":104,"column":7}},{"start":{"line":97,"column":6},"end":{"line":104,"column":7}}],"line":97}},"s":{"0":0,"1":0,"2":0,"3":0,"4":0,"5":0,"6":0,"7":0,"8":0,"9":0,"10":0,"11":0,"12":0,"13":0,"14":0,"15":0,"16":0,"17":0,"18":0,"19":0,"20":0,"21":0,"22":0,"23":0,"24":0,"25":0,"26":0,"27":0,"28":0,"29":0,"30":0,"31":0,"32":0,"33":0,"34":1,"35":0},"f":{"0":0,"1":0,"2":0,"3":0,"4":0,"5":0,"6":0,"7":0,"8":0,"9":0,"10":0,"11":0,"12":0,"13":0,"14":0},"b":{"0":[0,0],"1":[0,0],"2":[0,0]},"_coverageSchema":"332fd63041d2c1bcb487cc26dd0d5f7d97098a6c","hash":"23e1be829625e1d07c191a05ec12d18548d22942"}
,"/Users/christophermelville/Development/Moaiii/musicmapper/app/src/chordbank/components/possible-chords.js": {"path":"/Users/christophermelville/Development/Moaiii/musicmapper/app/src/chordbank/components/possible-chords.js","statementMap":{"0":{"start":{"line":15,"column":4},"end":{"line":15,"column":12}},"1":{"start":{"line":17,"column":4},"end":{"line":20,"column":6}},"2":{"start":{"line":26,"column":4},"end":{"line":30,"column":7}},"3":{"start":{"line":29,"column":6},"end":{"line":29,"column":67}},"4":{"start":{"line":34,"column":4},"end":{"line":34,"column":19}},"5":{"start":{"line":35,"column":4},"end":{"line":35,"column":37}},"6":{"start":{"line":36,"column":4},"end":{"line":39,"column":8}},"7":{"start":{"line":40,"column":4},"end":{"line":40,"column":49}},"8":{"start":{"line":41,"column":4},"end":{"line":41,"column":40}},"9":{"start":{"line":47,"column":6},"end":{"line":51,"column":46}},"10":{"start":{"line":53,"column":25},"end":{"line":68,"column":5}},"11":{"start":{"line":54,"column":6},"end":{"line":67,"column":12}},"12":{"start":{"line":62,"column":12},"end":{"line":64,"column":16}},"13":{"start":{"line":70,"column":22},"end":{"line":85,"column":5}},"14":{"start":{"line":71,"column":6},"end":{"line":84,"column":12}},"15":{"start":{"line":79,"column":12},"end":{"line":81,"column":16}},"16":{"start":{"line":87,"column":4},"end":{"line":118,"column":5}},"17":{"start":{"line":122,"column":24},"end":{"line":130,"column":1}},"18":{"start":{"line":123,"column":2},"end":{"line":129,"column":4}}},"fnMap":{"0":{"name":"(anonymous_0)","decl":{"start":{"line":14,"column":2},"end":{"line":14,"column":3}},"loc":{"start":{"line":14,"column":16},"end":{"line":21,"column":3}},"line":14},"1":{"name":"(anonymous_1)","decl":{"start":{"line":23,"column":2},"end":{"line":23,"column":3}},"loc":{"start":{"line":23,"column":22},"end":{"line":23,"column":24}},"line":23},"2":{"name":"(anonymous_2)","decl":{"start":{"line":25,"column":2},"end":{"line":25,"column":3}},"loc":{"start":{"line":25,"column":13},"end":{"line":31,"column":3}},"line":25},"3":{"name":"(anonymous_3)","decl":{"start":{"line":28,"column":7},"end":{"line":28,"column":8}},"loc":{"start":{"line":28,"column":13},"end":{"line":30,"column":5}},"line":28},"4":{"name":"(anonymous_4)","decl":{"start":{"line":33,"column":2},"end":{"line":33,"column":3}},"loc":{"start":{"line":33,"column":27},"end":{"line":42,"column":3}},"line":33},"5":{"name":"(anonymous_5)","decl":{"start":{"line":44,"column":2},"end":{"line":44,"column":3}},"loc":{"start":{"line":44,"column":10},"end":{"line":119,"column":3}},"line":44},"6":{"name":"(anonymous_6)","decl":{"start":{"line":53,"column":55},"end":{"line":53,"column":56}},"loc":{"start":{"line":54,"column":6},"end":{"line":67,"column":12}},"line":54},"7":{"name":"(anonymous_7)","decl":{"start":{"line":61,"column":27},"end":{"line":61,"column":28}},"loc":{"start":{"line":62,"column":12},"end":{"line":64,"column":16}},"line":62},"8":{"name":"(anonymous_8)","decl":{"start":{"line":70,"column":49},"end":{"line":70,"column":50}},"loc":{"start":{"line":71,"column":6},"end":{"line":84,"column":12}},"line":71},"9":{"name":"(anonymous_9)","decl":{"start":{"line":78,"column":27},"end":{"line":78,"column":28}},"loc":{"start":{"line":79,"column":12},"end":{"line":81,"column":16}},"line":79},"10":{"name":"(anonymous_10)","decl":{"start":{"line":122,"column":24},"end":{"line":122,"column":25}},"loc":{"start":{"line":122,"column":35},"end":{"line":130,"column":1}},"line":122}},"branchMap":{"0":{"loc":{"start":{"line":50,"column":16},"end":{"line":50,"column":48}},"type":"binary-expr","locations":[{"start":{"line":50,"column":16},"end":{"line":50,"column":39}},{"start":{"line":50,"column":43},"end":{"line":50,"column":48}}],"line":50},"1":{"loc":{"start":{"line":54,"column":39},"end":{"line":54,"column":107}},"type":"cond-expr","locations":[{"start":{"line":54,"column":78},"end":{"line":54,"column":102}},{"start":{"line":54,"column":105},"end":{"line":54,"column":107}}],"line":54},"2":{"loc":{"start":{"line":71,"column":39},"end":{"line":71,"column":107}},"type":"cond-expr","locations":[{"start":{"line":71,"column":78},"end":{"line":71,"column":102}},{"start":{"line":71,"column":105},"end":{"line":71,"column":107}}],"line":71},"3":{"loc":{"start":{"line":96,"column":11},"end":{"line":96,"column":79}},"type":"cond-expr","locations":[{"start":{"line":96,"column":51},"end":{"line":96,"column":62}},{"start":{"line":96,"column":65},"end":{"line":96,"column":79}}],"line":96}},"s":{"0":0,"1":0,"2":0,"3":0,"4":0,"5":0,"6":0,"7":0,"8":0,"9":0,"10":0,"11":0,"12":0,"13":0,"14":0,"15":0,"16":0,"17":1,"18":0},"f":{"0":0,"1":0,"2":0,"3":0,"4":0,"5":0,"6":0,"7":0,"8":0,"9":0,"10":0},"b":{"0":[0,0],"1":[0,0],"2":[0,0],"3":[0,0]},"_coverageSchema":"332fd63041d2c1bcb487cc26dd0d5f7d97098a6c","hash":"3a200aa8cf6b079a380259cc25df6d962d9894d1"}
,"/Users/christophermelville/Development/Moaiii/musicmapper/app/src/fretboard/actions.js": {"path":"/Users/christophermelville/Development/Moaiii/musicmapper/app/src/fretboard/actions.js","statementMap":{"0":{"start":{"line":4,"column":2},"end":{"line":7,"column":3}},"1":{"start":{"line":11,"column":2},"end":{"line":13,"column":3}},"2":{"start":{"line":17,"column":2},"end":{"line":19,"column":3}},"3":{"start":{"line":23,"column":2},"end":{"line":29,"column":3}},"4":{"start":{"line":33,"column":2},"end":{"line":39,"column":3}},"5":{"start":{"line":43,"column":2},"end":{"line":45,"column":3}}},"fnMap":{"0":{"name":"changeTuning","decl":{"start":{"line":3,"column":16},"end":{"line":3,"column":28}},"loc":{"start":{"line":3,"column":35},"end":{"line":8,"column":1}},"line":3},"1":{"name":"calculateFretboardNotes","decl":{"start":{"line":10,"column":16},"end":{"line":10,"column":39}},"loc":{"start":{"line":10,"column":42},"end":{"line":14,"column":1}},"line":10},"2":{"name":"toggleAudio","decl":{"start":{"line":16,"column":16},"end":{"line":16,"column":27}},"loc":{"start":{"line":16,"column":30},"end":{"line":20,"column":1}},"line":16},"3":{"name":"deleteSelected","decl":{"start":{"line":22,"column":16},"end":{"line":22,"column":30}},"loc":{"start":{"line":22,"column":57},"end":{"line":30,"column":1}},"line":22},"4":{"name":"addSelected","decl":{"start":{"line":32,"column":16},"end":{"line":32,"column":27}},"loc":{"start":{"line":32,"column":54},"end":{"line":40,"column":1}},"line":32},"5":{"name":"deleteAllSelected","decl":{"start":{"line":42,"column":16},"end":{"line":42,"column":33}},"loc":{"start":{"line":42,"column":36},"end":{"line":46,"column":1}},"line":42}},"branchMap":{},"s":{"0":0,"1":0,"2":0,"3":0,"4":0,"5":0},"f":{"0":0,"1":0,"2":0,"3":0,"4":0,"5":0},"b":{},"_coverageSchema":"332fd63041d2c1bcb487cc26dd0d5f7d97098a6c","hash":"1cdf6951ec9ba430fb74f83b9fec527a81f606a6"}
,"/Users/christophermelville/Development/Moaiii/musicmapper/app/src/fretboard/reducer.js": {"path":"/Users/christophermelville/Development/Moaiii/musicmapper/app/src/fretboard/reducer.js","statementMap":{"0":{"start":{"line":4,"column":8},"end":{"line":4,"column":25}},"1":{"start":{"line":28,"column":20},"end":{"line":32,"column":1}},"2":{"start":{"line":34,"column":25},"end":{"line":119,"column":1}},"3":{"start":{"line":35,"column":2},"end":{"line":118,"column":3}},"4":{"start":{"line":40,"column":24},"end":{"line":40,"column":31}},"5":{"start":{"line":41,"column":18},"end":{"line":41,"column":20}},"6":{"start":{"line":43,"column":6},"end":{"line":48,"column":7}},"7":{"start":{"line":44,"column":8},"end":{"line":47,"column":9}},"8":{"start":{"line":45,"column":10},"end":{"line":45,"column":39}},"9":{"start":{"line":46,"column":10},"end":{"line":46,"column":16}},"10":{"start":{"line":50,"column":6},"end":{"line":52,"column":9}},"11":{"start":{"line":53,"column":6},"end":{"line":53,"column":12}},"12":{"start":{"line":58,"column":20},"end":{"line":58,"column":29}},"13":{"start":{"line":59,"column":28},"end":{"line":59,"column":82}},"14":{"start":{"line":59,"column":55},"end":{"line":59,"column":81}},"15":{"start":{"line":61,"column":6},"end":{"line":63,"column":9}},"16":{"start":{"line":64,"column":6},"end":{"line":64,"column":12}},"17":{"start":{"line":68,"column":6},"end":{"line":70,"column":9}},"18":{"start":{"line":71,"column":6},"end":{"line":71,"column":12}},"19":{"start":{"line":76,"column":33},"end":{"line":76,"column":66}},"20":{"start":{"line":78,"column":6},"end":{"line":78,"column":99}},"21":{"start":{"line":80,"column":6},"end":{"line":82,"column":9}},"22":{"start":{"line":83,"column":6},"end":{"line":83,"column":12}},"23":{"start":{"line":88,"column":36},"end":{"line":88,"column":69}},"24":{"start":{"line":90,"column":6},"end":{"line":90,"column":103}},"25":{"start":{"line":92,"column":6},"end":{"line":94,"column":9}},"26":{"start":{"line":95,"column":6},"end":{"line":95,"column":12}},"27":{"start":{"line":100,"column":24},"end":{"line":100,"column":25}},"28":{"start":{"line":101,"column":22},"end":{"line":101,"column":24}},"29":{"start":{"line":103,"column":39},"end":{"line":103,"column":72}},"30":{"start":{"line":105,"column":6},"end":{"line":109,"column":7}},"31":{"start":{"line":106,"column":8},"end":{"line":108,"column":9}},"32":{"start":{"line":107,"column":10},"end":{"line":107,"column":60}},"33":{"start":{"line":111,"column":6},"end":{"line":113,"column":9}},"34":{"start":{"line":114,"column":6},"end":{"line":114,"column":12}},"35":{"start":{"line":117,"column":6},"end":{"line":117,"column":19}}},"fnMap":{"0":{"name":"(anonymous_0)","decl":{"start":{"line":34,"column":25},"end":{"line":34,"column":26}},"loc":{"start":{"line":34,"column":80},"end":{"line":119,"column":1}},"line":34},"1":{"name":"(anonymous_1)","decl":{"start":{"line":59,"column":45},"end":{"line":59,"column":46}},"loc":{"start":{"line":59,"column":55},"end":{"line":59,"column":81}},"line":59}},"branchMap":{"0":{"loc":{"start":{"line":34,"column":26},"end":{"line":34,"column":52}},"type":"default-arg","locations":[{"start":{"line":34,"column":41},"end":{"line":34,"column":52}}],"line":34},"1":{"loc":{"start":{"line":35,"column":2},"end":{"line":118,"column":3}},"type":"switch","locations":[{"start":{"line":37,"column":4},"end":{"line":53,"column":12}},{"start":{"line":56,"column":4},"end":{"line":64,"column":12}},{"start":{"line":67,"column":4},"end":{"line":71,"column":12}},{"start":{"line":74,"column":4},"end":{"line":83,"column":12}},{"start":{"line":86,"column":4},"end":{"line":95,"column":12}},{"start":{"line":98,"column":4},"end":{"line":114,"column":12}},{"start":{"line":116,"column":4},"end":{"line":117,"column":19}}],"line":35},"2":{"loc":{"start":{"line":44,"column":8},"end":{"line":47,"column":9}},"type":"if","locations":[{"start":{"line":44,"column":8},"end":{"line":47,"column":9}},{"start":{"line":44,"column":8},"end":{"line":47,"column":9}}],"line":44}},"s":{"0":1,"1":1,"2":1,"3":3,"4":0,"5":0,"6":0,"7":0,"8":0,"9":0,"10":0,"11":0,"12":0,"13":0,"14":0,"15":0,"16":0,"17":0,"18":0,"19":0,"20":0,"21":0,"22":0,"23":0,"24":0,"25":0,"26":0,"27":0,"28":0,"29":0,"30":0,"31":0,"32":0,"33":0,"34":0,"35":3},"f":{"0":3,"1":0},"b":{"0":[3],"1":[0,0,0,0,0,0,3],"2":[0,0]},"_coverageSchema":"332fd63041d2c1bcb487cc26dd0d5f7d97098a6c","hash":"ad6196b7f1f04cd8eae45452bfc516e4454c6e40"}
,"/Users/christophermelville/Development/Moaiii/musicmapper/app/src/keyboard/actions.js": {"path":"/Users/christophermelville/Development/Moaiii/musicmapper/app/src/keyboard/actions.js","statementMap":{"0":{"start":{"line":4,"column":2},"end":{"line":7,"column":3}},"1":{"start":{"line":11,"column":2},"end":{"line":14,"column":3}},"2":{"start":{"line":18,"column":2},"end":{"line":21,"column":3}}},"fnMap":{"0":{"name":"clearSelection","decl":{"start":{"line":3,"column":16},"end":{"line":3,"column":30}},"loc":{"start":{"line":3,"column":33},"end":{"line":8,"column":1}},"line":3},"1":{"name":"highlightSelection","decl":{"start":{"line":10,"column":16},"end":{"line":10,"column":34}},"loc":{"start":{"line":10,"column":42},"end":{"line":15,"column":1}},"line":10},"2":{"name":"toggleLaptopKeyboardKeys","decl":{"start":{"line":17,"column":16},"end":{"line":17,"column":40}},"loc":{"start":{"line":17,"column":47},"end":{"line":22,"column":1}},"line":17}},"branchMap":{},"s":{"0":2,"1":4,"2":2},"f":{"0":2,"1":4,"2":2},"b":{},"_coverageSchema":"332fd63041d2c1bcb487cc26dd0d5f7d97098a6c","hash":"feff7b178990ae0b800ce881fc77958b59ccf0f9"}
,"/Users/christophermelville/Development/Moaiii/musicmapper/app/src/keyboard/reducer.js": {"path":"/Users/christophermelville/Development/Moaiii/musicmapper/app/src/keyboard/reducer.js","statementMap":{"0":{"start":{"line":3,"column":20},"end":{"line":7,"column":1}},"1":{"start":{"line":9,"column":24},"end":{"line":38,"column":1}},"2":{"start":{"line":10,"column":2},"end":{"line":37,"column":3}},"3":{"start":{"line":13,"column":6},"end":{"line":16,"column":8}},"4":{"start":{"line":17,"column":6},"end":{"line":17,"column":12}},"5":{"start":{"line":21,"column":6},"end":{"line":24,"column":9}},"6":{"start":{"line":25,"column":6},"end":{"line":25,"column":12}},"7":{"start":{"line":29,"column":6},"end":{"line":31,"column":9}},"8":{"start":{"line":32,"column":6},"end":{"line":32,"column":12}},"9":{"start":{"line":36,"column":6},"end":{"line":36,"column":19}}},"fnMap":{"0":{"name":"(anonymous_0)","decl":{"start":{"line":9,"column":24},"end":{"line":9,"column":25}},"loc":{"start":{"line":9,"column":57},"end":{"line":38,"column":1}},"line":9}},"branchMap":{"0":{"loc":{"start":{"line":9,"column":25},"end":{"line":9,"column":44}},"type":"default-arg","locations":[{"start":{"line":9,"column":33},"end":{"line":9,"column":44}}],"line":9},"1":{"loc":{"start":{"line":10,"column":2},"end":{"line":37,"column":3}},"type":"switch","locations":[{"start":{"line":12,"column":4},"end":{"line":17,"column":12}},{"start":{"line":20,"column":4},"end":{"line":25,"column":12}},{"start":{"line":28,"column":4},"end":{"line":32,"column":12}},{"start":{"line":35,"column":4},"end":{"line":36,"column":19}}],"line":10}},"s":{"0":2,"1":2,"2":11,"3":2,"4":0,"5":4,"6":0,"7":2,"8":0,"9":3},"f":{"0":11},"b":{"0":[11],"1":[2,4,2,3]},"_coverageSchema":"332fd63041d2c1bcb487cc26dd0d5f7d97098a6c","hash":"f22b8504816c2a6b61904dabe93946ecda743e7e"}
,"/Users/christophermelville/Development/Moaiii/musicmapper/app/src/main/reducer.js": {"path":"/Users/christophermelville/Development/Moaiii/musicmapper/app/src/main/reducer.js","statementMap":{"0":{"start":{"line":3,"column":20},"end":{"line":5,"column":1}},"1":{"start":{"line":7,"column":23},"end":{"line":25,"column":1}},"2":{"start":{"line":8,"column":2},"end":{"line":24,"column":3}},"3":{"start":{"line":11,"column":6},"end":{"line":13,"column":9}},"4":{"start":{"line":14,"column":6},"end":{"line":14,"column":12}},"5":{"start":{"line":17,"column":6},"end":{"line":19,"column":9}},"6":{"start":{"line":20,"column":6},"end":{"line":20,"column":12}},"7":{"start":{"line":23,"column":6},"end":{"line":23,"column":19}}},"fnMap":{"0":{"name":"(anonymous_0)","decl":{"start":{"line":7,"column":23},"end":{"line":7,"column":24}},"loc":{"start":{"line":7,"column":56},"end":{"line":25,"column":1}},"line":7}},"branchMap":{"0":{"loc":{"start":{"line":7,"column":24},"end":{"line":7,"column":43}},"type":"default-arg","locations":[{"start":{"line":7,"column":32},"end":{"line":7,"column":43}}],"line":7},"1":{"loc":{"start":{"line":8,"column":2},"end":{"line":24,"column":3}},"type":"switch","locations":[{"start":{"line":10,"column":4},"end":{"line":14,"column":12}},{"start":{"line":16,"column":4},"end":{"line":20,"column":12}},{"start":{"line":22,"column":4},"end":{"line":23,"column":19}}],"line":8}},"s":{"0":1,"1":1,"2":3,"3":0,"4":0,"5":0,"6":0,"7":3},"f":{"0":3},"b":{"0":[3],"1":[0,0,3]},"_coverageSchema":"332fd63041d2c1bcb487cc26dd0d5f7d97098a6c","hash":"cad0f2baf3908bb8392f80c18c4068fe71189079"}
,"/Users/christophermelville/Development/Moaiii/musicmapper/app/src/main/components/modal.js": {"path":"/Users/christophermelville/Development/Moaiii/musicmapper/app/src/main/components/modal.js","statementMap":{"0":{"start":{"line":23,"column":4},"end":{"line":23,"column":12}},"1":{"start":{"line":25,"column":4},"end":{"line":25,"column":20}},"2":{"start":{"line":31,"column":4},"end":{"line":60,"column":6}}},"fnMap":{"0":{"name":"(anonymous_0)","decl":{"start":{"line":22,"column":2},"end":{"line":22,"column":3}},"loc":{"start":{"line":22,"column":16},"end":{"line":26,"column":3}},"line":22},"1":{"name":"(anonymous_1)","decl":{"start":{"line":28,"column":2},"end":{"line":28,"column":3}},"loc":{"start":{"line":28,"column":22},"end":{"line":28,"column":24}},"line":28},"2":{"name":"(anonymous_2)","decl":{"start":{"line":30,"column":2},"end":{"line":30,"column":3}},"loc":{"start":{"line":30,"column":11},"end":{"line":61,"column":3}},"line":30}},"branchMap":{"0":{"loc":{"start":{"line":33,"column":13},"end":{"line":33,"column":53}},"type":"cond-expr","locations":[{"start":{"line":33,"column":36},"end":{"line":33,"column":48}},{"start":{"line":33,"column":51},"end":{"line":33,"column":53}}],"line":33},"1":{"loc":{"start":{"line":36,"column":15},"end":{"line":36,"column":55}},"type":"cond-expr","locations":[{"start":{"line":36,"column":38},"end":{"line":36,"column":50}},{"start":{"line":36,"column":53},"end":{"line":36,"column":55}}],"line":36},"2":{"loc":{"start":{"line":40,"column":15},"end":{"line":40,"column":55}},"type":"cond-expr","locations":[{"start":{"line":40,"column":38},"end":{"line":40,"column":50}},{"start":{"line":40,"column":53},"end":{"line":40,"column":55}}],"line":40},"3":{"loc":{"start":{"line":50,"column":13},"end":{"line":55,"column":18}},"type":"cond-expr","locations":[{"start":{"line":51,"column":14},"end":{"line":54,"column":23}},{"start":{"line":55,"column":14},"end":{"line":55,"column":18}}],"line":50}},"s":{"0":0,"1":0,"2":0},"f":{"0":0,"1":0,"2":0},"b":{"0":[0,0],"1":[0,0],"2":[0,0],"3":[0,0]},"_coverageSchema":"332fd63041d2c1bcb487cc26dd0d5f7d97098a6c","hash":"f9877f88731ca86f93d64ab9937762304ad6e950"}
,"/Users/christophermelville/Development/Moaiii/musicmapper/app/utilities/get-possible-chords.js": {"path":"/Users/christophermelville/Development/Moaiii/musicmapper/app/utilities/get-possible-chords.js","statementMap":{"0":{"start":{"line":2,"column":8},"end":{"line":2,"column":25}},"1":{"start":{"line":5,"column":26},"end":{"line":5,"column":62}},"2":{"start":{"line":6,"column":23},"end":{"line":6,"column":52}},"3":{"start":{"line":8,"column":4},"end":{"line":11,"column":5}},"4":{"start":{"line":15,"column":2},"end":{"line":18,"column":5}},"5":{"start":{"line":16,"column":4},"end":{"line":17,"column":58}},"6":{"start":{"line":22,"column":2},"end":{"line":29,"column":5}},"7":{"start":{"line":23,"column":4},"end":{"line":28,"column":5}},"8":{"start":{"line":24,"column":18},"end":{"line":24,"column":23}},"9":{"start":{"line":26,"column":6},"end":{"line":26,"column":64}},"10":{"start":{"line":27,"column":6},"end":{"line":27,"column":19}}},"fnMap":{"0":{"name":"get_possible_chords","decl":{"start":{"line":4,"column":16},"end":{"line":4,"column":35}},"loc":{"start":{"line":4,"column":49},"end":{"line":12,"column":1}},"line":4},"1":{"name":"get_exact_chords","decl":{"start":{"line":14,"column":16},"end":{"line":14,"column":32}},"loc":{"start":{"line":14,"column":46},"end":{"line":19,"column":1}},"line":14},"2":{"name":"(anonymous_2)","decl":{"start":{"line":15,"column":28},"end":{"line":15,"column":29}},"loc":{"start":{"line":15,"column":37},"end":{"line":18,"column":3}},"line":15},"3":{"name":"get_all_possible_chords","decl":{"start":{"line":21,"column":16},"end":{"line":21,"column":39}},"loc":{"start":{"line":21,"column":53},"end":{"line":30,"column":1}},"line":21},"4":{"name":"(anonymous_4)","decl":{"start":{"line":22,"column":28},"end":{"line":22,"column":29}},"loc":{"start":{"line":22,"column":37},"end":{"line":29,"column":3}},"line":22}},"branchMap":{"0":{"loc":{"start":{"line":16,"column":12},"end":{"line":17,"column":57}},"type":"binary-expr","locations":[{"start":{"line":16,"column":12},"end":{"line":16,"column":63}},{"start":{"line":17,"column":6},"end":{"line":17,"column":57}}],"line":16},"1":{"loc":{"start":{"line":23,"column":4},"end":{"line":28,"column":5}},"type":"if","locations":[{"start":{"line":23,"column":4},"end":{"line":28,"column":5}},{"start":{"line":23,"column":4},"end":{"line":28,"column":5}}],"line":23}},"s":{"0":3,"1":0,"2":0,"3":0,"4":3,"5":1332,"6":2,"7":888,"8":6,"9":6,"10":6},"f":{"0":0,"1":3,"2":1332,"3":2,"4":888},"b":{"0":[1332,2],"1":[6,882]},"_coverageSchema":"332fd63041d2c1bcb487cc26dd0d5f7d97098a6c","hash":"0b64d7def47a6030ef8f795452e6464ac7f44274"}
,"/Users/christophermelville/Development/Moaiii/musicmapper/app/utilities/get-possible-scales.js": {"path":"/Users/christophermelville/Development/Moaiii/musicmapper/app/utilities/get-possible-scales.js","statementMap":{"0":{"start":{"line":4,"column":17},"end":{"line":6,"column":31}},"1":{"start":{"line":8,"column":14},"end":{"line":8,"column":92}},"2":{"start":{"line":10,"column":19},"end":{"line":10,"column":51}},"3":{"start":{"line":11,"column":26},"end":{"line":11,"column":59}},"4":{"start":{"line":13,"column":2},"end":{"line":13,"column":43}},"5":{"start":{"line":17,"column":2},"end":{"line":19,"column":5}},"6":{"start":{"line":18,"column":4},"end":{"line":18,"column":65}},"7":{"start":{"line":23,"column":2},"end":{"line":23,"column":62}},"8":{"start":{"line":23,"column":37},"end":{"line":23,"column":60}}},"fnMap":{"0":{"name":"get_possible_scales","decl":{"start":{"line":3,"column":16},"end":{"line":3,"column":35}},"loc":{"start":{"line":3,"column":47},"end":{"line":14,"column":1}},"line":3},"1":{"name":"get_mode_scales","decl":{"start":{"line":16,"column":16},"end":{"line":16,"column":31}},"loc":{"start":{"line":16,"column":49},"end":{"line":20,"column":1}},"line":16},"2":{"name":"(anonymous_2)","decl":{"start":{"line":17,"column":28},"end":{"line":17,"column":29}},"loc":{"start":{"line":17,"column":37},"end":{"line":19,"column":3}},"line":17},"3":{"name":"get_all_possible_scales","decl":{"start":{"line":22,"column":16},"end":{"line":22,"column":39}},"loc":{"start":{"line":22,"column":50},"end":{"line":24,"column":1}},"line":22},"4":{"name":"(anonymous_4)","decl":{"start":{"line":23,"column":28},"end":{"line":23,"column":29}},"loc":{"start":{"line":23,"column":37},"end":{"line":23,"column":60}},"line":23}},"branchMap":{"0":{"loc":{"start":{"line":4,"column":17},"end":{"line":6,"column":31}},"type":"cond-expr","locations":[{"start":{"line":5,"column":6},"end":{"line":5,"column":31}},{"start":{"line":6,"column":6},"end":{"line":6,"column":31}}],"line":4},"1":{"loc":{"start":{"line":18,"column":11},"end":{"line":18,"column":64}},"type":"binary-expr","locations":[{"start":{"line":18,"column":11},"end":{"line":18,"column":34}},{"start":{"line":18,"column":38},"end":{"line":18,"column":64}}],"line":18}},"s":{"0":0,"1":0,"2":0,"3":0,"4":0,"5":0,"6":0,"7":0,"8":0},"f":{"0":0,"1":0,"2":0,"3":0,"4":0},"b":{"0":[0,0],"1":[0,0]},"_coverageSchema":"332fd63041d2c1bcb487cc26dd0d5f7d97098a6c","hash":"6904484f1c35eea7ae7bd595a88645a75aef6787"}
,"/Users/christophermelville/Development/Moaiii/musicmapper/app/utilities/utility.js": {"path":"/Users/christophermelville/Development/Moaiii/musicmapper/app/utilities/utility.js","statementMap":{"0":{"start":{"line":3,"column":26},"end":{"line":3,"column":28}},"1":{"start":{"line":5,"column":18},"end":{"line":6,"column":68}},"2":{"start":{"line":8,"column":27},"end":{"line":9,"column":63}},"3":{"start":{"line":11,"column":2},"end":{"line":60,"column":3}},"4":{"start":{"line":15,"column":18},"end":{"line":15,"column":49}},"5":{"start":{"line":17,"column":6},"end":{"line":34,"column":7}},"6":{"start":{"line":18,"column":8},"end":{"line":21,"column":10}},"7":{"start":{"line":23,"column":13},"end":{"line":34,"column":7}},"8":{"start":{"line":24,"column":8},"end":{"line":27,"column":10}},"9":{"start":{"line":30,"column":8},"end":{"line":33,"column":10}},"10":{"start":{"line":39,"column":14},"end":{"line":39,"column":15}},"11":{"start":{"line":40,"column":18},"end":{"line":40,"column":20}},"12":{"start":{"line":41,"column":19},"end":{"line":41,"column":46}},"13":{"start":{"line":42,"column":6},"end":{"line":49,"column":7}},"14":{"start":{"line":43,"column":8},"end":{"line":47,"column":11}},"15":{"start":{"line":48,"column":8},"end":{"line":48,"column":12}},"16":{"start":{"line":50,"column":6},"end":{"line":50,"column":19}},"17":{"start":{"line":55,"column":17},"end":{"line":55,"column":35}},"18":{"start":{"line":56,"column":20},"end":{"line":58,"column":8}}},"fnMap":{"0":{"name":"Utility","decl":{"start":{"line":1,"column":24},"end":{"line":1,"column":31}},"loc":{"start":{"line":1,"column":34},"end":{"line":61,"column":1}},"line":1},"1":{"name":"(anonymous_1)","decl":{"start":{"line":13,"column":18},"end":{"line":13,"column":19}},"loc":{"start":{"line":13,"column":45},"end":{"line":35,"column":5}},"line":13},"2":{"name":"(anonymous_2)","decl":{"start":{"line":38,"column":18},"end":{"line":38,"column":19}},"loc":{"start":{"line":38,"column":32},"end":{"line":51,"column":5}},"line":38},"3":{"name":"(anonymous_3)","decl":{"start":{"line":54,"column":17},"end":{"line":54,"column":18}},"loc":{"start":{"line":54,"column":32},"end":{"line":59,"column":5}},"line":54},"4":{"name":"(anonymous_4)","decl":{"start":{"line":56,"column":34},"end":{"line":56,"column":35}},"loc":{"start":{"line":56,"column":57},"end":{"line":58,"column":7}},"line":56}},"branchMap":{"0":{"loc":{"start":{"line":17,"column":6},"end":{"line":34,"column":7}},"type":"if","locations":[{"start":{"line":17,"column":6},"end":{"line":34,"column":7}},{"start":{"line":17,"column":6},"end":{"line":34,"column":7}}],"line":17},"1":{"loc":{"start":{"line":23,"column":13},"end":{"line":34,"column":7}},"type":"if","locations":[{"start":{"line":23,"column":13},"end":{"line":34,"column":7}},{"start":{"line":23,"column":13},"end":{"line":34,"column":7}}],"line":23},"2":{"loc":{"start":{"line":46,"column":19},"end":{"line":46,"column":34}},"type":"cond-expr","locations":[{"start":{"line":46,"column":29},"end":{"line":46,"column":30}},{"start":{"line":46,"column":33},"end":{"line":46,"column":34}}],"line":46}},"s":{"0":0,"1":0,"2":0,"3":0,"4":0,"5":0,"6":0,"7":0,"8":0,"9":0,"10":0,"11":0,"12":0,"13":0,"14":0,"15":0,"16":0,"17":0,"18":0},"f":{"0":0,"1":0,"2":0,"3":0,"4":0},"b":{"0":[0,0],"1":[0,0],"2":[0,0]},"_coverageSchema":"332fd63041d2c1bcb487cc26dd0d5f7d97098a6c","hash":"05b5cb9ab55ee5c40328b40d7cb6156ae8ff5ed3"}
,"/Users/christophermelville/Development/Moaiii/musicmapper/test/setup.js": {"path":"/Users/christophermelville/Development/Moaiii/musicmapper/test/setup.js","statementMap":{"0":{"start":{"line":4,"column":0},"end":{"line":4,"column":38}}},"fnMap":{},"branchMap":{},"s":{"0":4},"f":{},"b":{},"_coverageSchema":"332fd63041d2c1bcb487cc26dd0d5f7d97098a6c","hash":"237d6e3dbe0160bbce19d1ab2da4d605f47639fa"}
}
