TN:
SF:/Users/christophermelville/Development/Moaiii/musicmapper/app/reducers.js
FNF:0
FNH:0
DA:10,1
LF:1
LH:1
BRF:0
BRH:0
end_of_record
TN:
SF:/Users/christophermelville/Development/Moaiii/musicmapper/app/store.js
FNF:0
FNH:0
DA:5,1
LF:1
LH:1
BRF:0
BRH:0
end_of_record
TN:
SF:/Users/christophermelville/Development/Moaiii/musicmapper/app/types.js
FNF:0
FNH:0
DA:5,3
DA:6,3
DA:13,3
DA:14,3
DA:15,3
DA:16,3
DA:17,3
DA:18,3
DA:25,3
DA:26,3
DA:27,3
DA:34,3
DA:35,3
DA:36,3
DA:37,3
DA:38,3
DA:39,3
DA:40,3
DA:41,3
LF:19
LH:19
BRF:0
BRH:0
end_of_record
TN:
SF:/Users/christophermelville/Development/Moaiii/musicmapper/app/data/chords.js
FNF:0
FNH:0
DA:1,3
LF:1
LH:1
BRF:0
BRH:0
end_of_record
TN:
SF:/Users/christophermelville/Development/Moaiii/musicmapper/app/data/modal-text.js
FNF:0
FNH:0
DA:1,1
DA:9,1
DA:17,1
DA:25,1
DA:33,1
LF:5
LH:5
BRF:0
BRH:0
end_of_record
TN:
SF:/Users/christophermelville/Development/Moaiii/musicmapper/app/data/scales.js
FNF:0
FNH:0
DA:1,3
LF:1
LH:1
BRF:0
BRH:0
end_of_record
TN:
SF:/Users/christophermelville/Development/Moaiii/musicmapper/app/data/tunings.js
FNF:0
FNH:0
DA:1,1
LF:1
LH:1
BRF:0
BRH:0
end_of_record
TN:
SF:/Users/christophermelville/Development/Moaiii/musicmapper/app/src/chordbank/actions.js
FN:3,addNote
FN:10,deleteNote
FN:17,populateChordPossibilities
FN:24,populateAllScales
FN:31,toggleExactMatching
FN:38,clearAllNotes
FN:45,setSelectedChordName
FN:52,setSelectedScale
FNF:8
FNH:0
FNDA:0,addNote
FNDA:0,deleteNote
FNDA:0,populateChordPossibilities
FNDA:0,populateAllScales
FNDA:0,toggleExactMatching
FNDA:0,clearAllNotes
FNDA:0,setSelectedChordName
FNDA:0,setSelectedScale
DA:4,0
DA:11,0
DA:18,0
DA:25,0
DA:32,0
DA:39,0
DA:46,0
DA:53,0
LF:8
LH:0
BRF:0
BRH:0
end_of_record
TN:
SF:/Users/christophermelville/Development/Moaiii/musicmapper/app/src/chordbank/api.js
FN:6,generateMidi
FN:7,(anonymous_1)
FN:13,(anonymous_2)
FN:17,(anonymous_3)
FNF:4
FNH:0
FNDA:0,generateMidi
FNDA:0,(anonymous_1)
FNDA:0,(anonymous_2)
FNDA:0,(anonymous_3)
DA:1,1
DA:7,0
DA:8,0
DA:14,0
DA:15,0
DA:18,0
DA:19,0
LF:7
LH:1
BRF:0
BRH:0
end_of_record
TN:
SF:/Users/christophermelville/Development/Moaiii/musicmapper/app/src/chordbank/reducer.js
FN:21,(anonymous_0)
FN:48,(anonymous_1)
FN:52,(anonymous_2)
FN:53,(anonymous_3)
FNF:4
FNH:4
FNDA:8,(anonymous_0)
FNDA:10,(anonymous_1)
FNDA:6,(anonymous_2)
FNDA:6,(anonymous_3)
DA:4,2
DA:6,2
DA:21,2
DA:22,8
DA:27,2
DA:28,2
DA:30,2
DA:31,0
DA:37,2
DA:42,0
DA:48,10
DA:50,3
DA:51,2
DA:52,6
DA:53,6
DA:57,1
DA:58,1
DA:60,1
DA:61,1
DA:66,0
DA:71,0
DA:73,0
DA:75,0
DA:81,0
DA:84,0
DA:89,0
DA:90,0
DA:92,0
DA:98,0
DA:101,0
DA:106,0
DA:109,0
DA:114,0
DA:125,0
DA:130,0
DA:132,0
DA:138,0
DA:146,3
LF:38
LH:18
BRDA:21,0,0,3
BRDA:22,1,0,2
BRDA:22,1,1,3
BRDA:22,1,2,0
BRDA:22,1,3,0
BRDA:22,1,4,0
BRDA:22,1,5,0
BRDA:22,1,6,0
BRDA:22,1,7,0
BRDA:22,1,8,3
BRDA:30,2,0,0
BRDA:30,2,1,2
BRDA:50,3,0,2
BRDA:50,3,1,1
BRDA:71,4,0,0
BRDA:71,4,1,0
BRDA:89,5,0,0
BRDA:89,5,1,0
BRF:18
BRH:7
end_of_record
TN:
SF:/Users/christophermelville/Development/Moaiii/musicmapper/app/src/chordbank/components/chord-bank.js
FN:20,(anonymous_0)
FN:30,(anonymous_1)
FN:34,(anonymous_2)
FN:38,(anonymous_3)
FN:42,(anonymous_4)
FN:47,(anonymous_5)
FN:58,(anonymous_6)
FN:90,(anonymous_7)
FN:92,(anonymous_8)
FN:101,(anonymous_9)
FN:106,(anonymous_10)
FN:114,(anonymous_11)
FN:139,(anonymous_12)
FN:162,(anonymous_13)
FN:191,(anonymous_14)
FNF:15
FNH:0
FNDA:0,(anonymous_0)
FNDA:0,(anonymous_1)
FNDA:0,(anonymous_2)
FNDA:0,(anonymous_3)
FNDA:0,(anonymous_4)
FNDA:0,(anonymous_5)
FNDA:0,(anonymous_6)
FNDA:0,(anonymous_7)
FNDA:0,(anonymous_8)
FNDA:0,(anonymous_9)
FNDA:0,(anonymous_10)
FNDA:0,(anonymous_11)
FNDA:0,(anonymous_12)
FNDA:0,(anonymous_13)
FNDA:0,(anonymous_14)
DA:21,0
DA:23,0
DA:31,0
DA:35,0
DA:39,0
DA:43,0
DA:48,0
DA:49,0
DA:50,0
DA:59,0
DA:61,0
DA:63,0
DA:65,0
DA:66,0
DA:68,0
DA:70,0
DA:72,0
DA:73,0
DA:76,0
DA:79,0
DA:91,0
DA:93,0
DA:95,0
DA:97,0
DA:98,0
DA:102,0
DA:107,0
DA:108,0
DA:109,0
DA:116,0
DA:123,0
DA:130,0
DA:140,0
DA:163,0
DA:191,1
DA:192,0
LF:36
LH:1
BRDA:63,0,0,0
BRDA:63,0,1,0
BRDA:70,1,0,0
BRDA:70,1,1,0
BRDA:97,2,0,0
BRDA:97,2,1,0
BRF:6
BRH:0
end_of_record
TN:
SF:/Users/christophermelville/Development/Moaiii/musicmapper/app/src/chordbank/components/possible-chords.js
FN:14,(anonymous_0)
FN:23,(anonymous_1)
FN:25,(anonymous_2)
FN:28,(anonymous_3)
FN:33,(anonymous_4)
FN:44,(anonymous_5)
FN:53,(anonymous_6)
FN:61,(anonymous_7)
FN:70,(anonymous_8)
FN:78,(anonymous_9)
FN:122,(anonymous_10)
FNF:11
FNH:0
FNDA:0,(anonymous_0)
FNDA:0,(anonymous_1)
FNDA:0,(anonymous_2)
FNDA:0,(anonymous_3)
FNDA:0,(anonymous_4)
FNDA:0,(anonymous_5)
FNDA:0,(anonymous_6)
FNDA:0,(anonymous_7)
FNDA:0,(anonymous_8)
FNDA:0,(anonymous_9)
FNDA:0,(anonymous_10)
DA:15,0
DA:17,0
DA:26,0
DA:29,0
DA:34,0
DA:35,0
DA:36,0
DA:40,0
DA:41,0
DA:47,0
DA:53,0
DA:54,0
DA:62,0
DA:70,0
DA:71,0
DA:79,0
DA:87,0
DA:122,1
DA:123,0
LF:19
LH:1
BRDA:50,0,0,0
BRDA:50,0,1,0
BRDA:54,1,0,0
BRDA:54,1,1,0
BRDA:71,2,0,0
BRDA:71,2,1,0
BRDA:96,3,0,0
BRDA:96,3,1,0
BRF:8
BRH:0
end_of_record
TN:
SF:/Users/christophermelville/Development/Moaiii/musicmapper/app/src/fretboard/actions.js
FN:3,changeTuning
FN:10,calculateFretboardNotes
FN:16,toggleAudio
FN:22,deleteSelected
FN:32,addSelected
FN:42,deleteAllSelected
FNF:6
FNH:0
FNDA:0,changeTuning
FNDA:0,calculateFretboardNotes
FNDA:0,toggleAudio
FNDA:0,deleteSelected
FNDA:0,addSelected
FNDA:0,deleteAllSelected
DA:4,0
DA:11,0
DA:17,0
DA:23,0
DA:33,0
DA:43,0
LF:6
LH:0
BRF:0
BRH:0
end_of_record
TN:
SF:/Users/christophermelville/Development/Moaiii/musicmapper/app/src/fretboard/reducer.js
FN:34,(anonymous_0)
FN:59,(anonymous_1)
FNF:2
FNH:1
FNDA:3,(anonymous_0)
FNDA:0,(anonymous_1)
DA:4,1
DA:28,1
DA:34,1
DA:35,3
DA:40,0
DA:41,0
DA:43,0
DA:44,0
DA:45,0
DA:46,0
DA:50,0
DA:53,0
DA:58,0
DA:59,0
DA:61,0
DA:64,0
DA:68,0
DA:71,0
DA:76,0
DA:78,0
DA:80,0
DA:83,0
DA:88,0
DA:90,0
DA:92,0
DA:95,0
DA:100,0
DA:101,0
DA:103,0
DA:105,0
DA:106,0
DA:107,0
DA:111,0
DA:114,0
DA:117,3
LF:35
LH:5
BRDA:34,0,0,3
BRDA:35,1,0,0
BRDA:35,1,1,0
BRDA:35,1,2,0
BRDA:35,1,3,0
BRDA:35,1,4,0
BRDA:35,1,5,0
BRDA:35,1,6,3
BRDA:44,2,0,0
BRDA:44,2,1,0
BRF:10
BRH:2
end_of_record
TN:
SF:/Users/christophermelville/Development/Moaiii/musicmapper/app/src/keyboard/actions.js
FN:3,clearSelection
FN:10,highlightSelection
FN:17,toggleLaptopKeyboardKeys
FNF:3
FNH:3
FNDA:2,clearSelection
FNDA:4,highlightSelection
FNDA:2,toggleLaptopKeyboardKeys
DA:4,2
DA:11,4
DA:18,2
LF:3
LH:3
BRF:0
BRH:0
end_of_record
TN:
SF:/Users/christophermelville/Development/Moaiii/musicmapper/app/src/keyboard/reducer.js
FN:9,(anonymous_0)
FNF:1
FNH:1
FNDA:11,(anonymous_0)
DA:3,2
DA:9,2
DA:10,11
DA:13,2
DA:17,0
DA:21,4
DA:25,0
DA:29,2
DA:32,0
DA:36,3
LF:10
LH:7
BRDA:9,0,0,11
BRDA:10,1,0,2
BRDA:10,1,1,4
BRDA:10,1,2,2
BRDA:10,1,3,3
BRF:5
BRH:5
end_of_record
TN:
SF:/Users/christophermelville/Development/Moaiii/musicmapper/app/src/main/reducer.js
FN:7,(anonymous_0)
FNF:1
FNH:1
FNDA:3,(anonymous_0)
DA:3,1
DA:7,1
DA:8,3
DA:11,0
DA:14,0
DA:17,0
DA:20,0
DA:23,3
LF:8
LH:4
BRDA:7,0,0,3
BRDA:8,1,0,0
BRDA:8,1,1,0
BRDA:8,1,2,3
BRF:4
BRH:2
end_of_record
TN:
SF:/Users/christophermelville/Development/Moaiii/musicmapper/app/src/main/components/modal.js
FN:22,(anonymous_0)
FN:28,(anonymous_1)
FN:30,(anonymous_2)
FNF:3
FNH:0
FNDA:0,(anonymous_0)
FNDA:0,(anonymous_1)
FNDA:0,(anonymous_2)
DA:23,0
DA:25,0
DA:31,0
LF:3
LH:0
BRDA:33,0,0,0
BRDA:33,0,1,0
BRDA:36,1,0,0
BRDA:36,1,1,0
BRDA:40,2,0,0
BRDA:40,2,1,0
BRDA:50,3,0,0
BRDA:50,3,1,0
BRF:8
BRH:0
end_of_record
TN:
SF:/Users/christophermelville/Development/Moaiii/musicmapper/app/utilities/get-possible-chords.js
FN:4,get_possible_chords
FN:14,get_exact_chords
FN:15,(anonymous_2)
FN:21,get_all_possible_chords
FN:22,(anonymous_4)
FNF:5
FNH:4
FNDA:0,get_possible_chords
FNDA:3,get_exact_chords
FNDA:1332,(anonymous_2)
FNDA:2,get_all_possible_chords
FNDA:888,(anonymous_4)
DA:2,3
DA:5,0
DA:6,0
DA:8,0
DA:15,3
DA:16,1332
DA:22,2
DA:23,888
DA:24,6
DA:26,6
DA:27,6
LF:11
LH:8
BRDA:16,0,0,1332
BRDA:16,0,1,2
BRDA:23,1,0,6
BRDA:23,1,1,882
BRF:4
BRH:4
end_of_record
TN:
SF:/Users/christophermelville/Development/Moaiii/musicmapper/app/utilities/get-possible-scales.js
FN:3,get_possible_scales
FN:16,get_mode_scales
FN:17,(anonymous_2)
FN:22,get_all_possible_scales
FN:23,(anonymous_4)
FNF:5
FNH:0
FNDA:0,get_possible_scales
FNDA:0,get_mode_scales
FNDA:0,(anonymous_2)
FNDA:0,get_all_possible_scales
FNDA:0,(anonymous_4)
DA:4,0
DA:8,0
DA:10,0
DA:11,0
DA:13,0
DA:17,0
DA:18,0
DA:23,0
LF:8
LH:0
BRDA:4,0,0,0
BRDA:4,0,1,0
BRDA:18,1,0,0
BRDA:18,1,1,0
BRF:4
BRH:0
end_of_record
TN:
SF:/Users/christophermelville/Development/Moaiii/musicmapper/app/utilities/utility.js
FN:1,Utility
FN:13,(anonymous_1)
FN:38,(anonymous_2)
FN:54,(anonymous_3)
FN:56,(anonymous_4)
FNF:5
FNH:0
FNDA:0,Utility
FNDA:0,(anonymous_1)
FNDA:0,(anonymous_2)
FNDA:0,(anonymous_3)
FNDA:0,(anonymous_4)
DA:3,0
DA:5,0
DA:8,0
DA:11,0
DA:15,0
DA:17,0
DA:18,0
DA:23,0
DA:24,0
DA:30,0
DA:39,0
DA:40,0
DA:41,0
DA:42,0
DA:43,0
DA:48,0
DA:50,0
DA:55,0
DA:56,0
LF:19
LH:0
BRDA:17,0,0,0
BRDA:17,0,1,0
BRDA:23,1,0,0
BRDA:23,1,1,0
BRDA:46,2,0,0
BRDA:46,2,1,0
BRF:6
BRH:0
end_of_record
TN:
SF:/Users/christophermelville/Development/Moaiii/musicmapper/test/setup.js
FNF:0
FNH:0
DA:4,4
LF:1
LH:1
BRF:0
BRH:0
end_of_record
